****                   ADMIXTURE Version 1.3.0                  ****
****                    Copyright 2008-2015                     ****
****           David Alexander, Suyash Shringarpure,            ****
****                John  Novembre, Ken Lange                   ****
****                                                            ****
****                 Please cite our paper!                     ****
****   Information at www.genetics.ucla.edu/software/admixture  ****

Cross-validation will be performed.  Folds=5.
Random seed: 43
Point estimation method: Block relaxation algorithm
Convergence acceleration algorithm: QuasiNewton, 3 secant conditions
Point estimation will terminate when objective function delta < 0.0001
Estimation of standard errors disabled; will compute point estimates only.
Size of G: 125x16812
Performing five EM steps to prime main algorithm
1 (EM) 	Elapsed: 0.05	Loglikelihood: -1.80844e+06	(delta): 2.41505e+06
2 (EM) 	Elapsed: 0.045	Loglikelihood: -1.80844e+06	(delta): 0
3 (EM) 	Elapsed: 0.047	Loglikelihood: -1.80844e+06	(delta): 0
4 (EM) 	Elapsed: 0.039	Loglikelihood: -1.80844e+06	(delta): 0
5 (EM) 	Elapsed: 0.04	Loglikelihood: -1.80844e+06	(delta): 0
Initial loglikelihood: -1.80844e+06
Starting main algorithm
1 (QN/Block) 	Elapsed: 0.21	Loglikelihood: -1.80844e+06	(delta): 4.65661e-10
Summary: 
Converged in 1 iterations (0.543 sec)
Loglikelihood: -1808437.228369
CV error (K=1): 0.85610
Writing output files.
