****                   ADMIXTURE Version 1.3.0                  ****
****                    Copyright 2008-2015                     ****
****           David Alexander, Suyash Shringarpure,            ****
****                John  Novembre, Ken Lange                   ****
****                                                            ****
****                 Please cite our paper!                     ****
****   Information at www.genetics.ucla.edu/software/admixture  ****

Cross-validation will be performed.  Folds=5.
Random seed: 43
Point estimation method: Block relaxation algorithm
Convergence acceleration algorithm: QuasiNewton, 3 secant conditions
Point estimation will terminate when objective function delta < 0.0001
Estimation of standard errors disabled; will compute point estimates only.
Size of G: 125x16812
Performing five EM steps to prime main algorithm
1 (EM) 	Elapsed: 0.082	Loglikelihood: -1.87837e+06	(delta): 1.75313e+06
2 (EM) 	Elapsed: 0.076	Loglikelihood: -1.792e+06	(delta): 86370.9
3 (EM) 	Elapsed: 0.075	Loglikelihood: -1.7162e+06	(delta): 75805.5
4 (EM) 	Elapsed: 0.087	Loglikelihood: -1.59127e+06	(delta): 124923
5 (EM) 	Elapsed: 0.084	Loglikelihood: -1.47486e+06	(delta): 116411
Initial loglikelihood: -1.47486e+06
Starting main algorithm
1 (QN/Block) 	Elapsed: 0.289	Loglikelihood: -863775	(delta): 611087
2 (QN/Block) 	Elapsed: 0.297	Loglikelihood: -749416	(delta): 114358
3 (QN/Block) 	Elapsed: 0.345	Loglikelihood: -711126	(delta): 38290.1
4 (QN/Block) 	Elapsed: 0.358	Loglikelihood: -687513	(delta): 23613.7
5 (QN/Block) 	Elapsed: 0.311	Loglikelihood: -674898	(delta): 12614.9
6 (QN/Block) 	Elapsed: 0.307	Loglikelihood: -673259	(delta): 1638.9
7 (QN/Block) 	Elapsed: 0.308	Loglikelihood: -672675	(delta): 583.683
8 (QN/Block) 	Elapsed: 0.32	Loglikelihood: -672619	(delta): 55.6832
9 (QN/Block) 	Elapsed: 0.344	Loglikelihood: -672614	(delta): 5.32303
10 (QN/Block) 	Elapsed: 0.346	Loglikelihood: -672614	(delta): 4.7081e-05
Summary: 
Converged in 10 iterations (3.876 sec)
Loglikelihood: -672614.042406
Fst divergences between estimated populations: 
	Pop0	
Pop0	
Pop1	0.842	
CV error (K=2): 0.31105
Writing output files.
