****                   ADMIXTURE Version 1.3.0                  ****
****                    Copyright 2008-2015                     ****
****           David Alexander, Suyash Shringarpure,            ****
****                John  Novembre, Ken Lange                   ****
****                                                            ****
****                 Please cite our paper!                     ****
****   Information at www.genetics.ucla.edu/software/admixture  ****

Cross-validation will be performed.  Folds=5.
Random seed: 43
Point estimation method: Block relaxation algorithm
Convergence acceleration algorithm: QuasiNewton, 3 secant conditions
Point estimation will terminate when objective function delta < 0.0001
Estimation of standard errors disabled; will compute point estimates only.
Size of G: 125x16812
Performing five EM steps to prime main algorithm
1 (EM) 	Elapsed: 0.175	Loglikelihood: -1.90115e+06	(delta): 1.36044e+06
2 (EM) 	Elapsed: 0.181	Loglikelihood: -1.78692e+06	(delta): 114236
3 (EM) 	Elapsed: 0.182	Loglikelihood: -1.65055e+06	(delta): 136366
4 (EM) 	Elapsed: 0.166	Loglikelihood: -1.39299e+06	(delta): 257557
5 (EM) 	Elapsed: 0.166	Loglikelihood: -1.09663e+06	(delta): 296358
Initial loglikelihood: -1.09663e+06
Starting main algorithm
1 (QN/Block) 	Elapsed: 0.485	Loglikelihood: -535890	(delta): 560744
2 (QN/Block) 	Elapsed: 0.463	Loglikelihood: -469475	(delta): 66415.7
3 (QN/Block) 	Elapsed: 0.506	Loglikelihood: -435671	(delta): 33804
4 (QN/Block) 	Elapsed: 0.504	Loglikelihood: -413221	(delta): 22450.1
5 (QN/Block) 	Elapsed: 0.549	Loglikelihood: -407624	(delta): 5596.15
6 (QN/Block) 	Elapsed: 0.516	Loglikelihood: -407008	(delta): 616.62
7 (QN/Block) 	Elapsed: 0.511	Loglikelihood: -406940	(delta): 67.6089
8 (QN/Block) 	Elapsed: 0.501	Loglikelihood: -406898	(delta): 42.2567
9 (QN/Block) 	Elapsed: 0.501	Loglikelihood: -406883	(delta): 15.2921
10 (QN/Block) 	Elapsed: 0.533	Loglikelihood: -406880	(delta): 2.42703
11 (QN/Block) 	Elapsed: 0.503	Loglikelihood: -406880	(delta): 0.0340222
12 (QN/Block) 	Elapsed: 0.5	Loglikelihood: -406880	(delta): 0.0145054
13 (QN/Block) 	Elapsed: 0.5	Loglikelihood: -406880	(delta): 0.001376
14 (QN/Block) 	Elapsed: 0.497	Loglikelihood: -406880	(delta): 4.6608e-05
Summary: 
Converged in 14 iterations (8.319 sec)
Loglikelihood: -406880.102400
Fst divergences between estimated populations: 
	Pop0	Pop1	Pop2	
Pop0	
Pop1	0.567	
Pop2	0.513	0.319	
Pop3	0.904	0.846	0.856	
CV error (K=4): 0.19624
Writing output files.
