****                   ADMIXTURE Version 1.3.0                  ****
****                    Copyright 2008-2015                     ****
****           David Alexander, Suyash Shringarpure,            ****
****                John  Novembre, Ken Lange                   ****
****                                                            ****
****                 Please cite our paper!                     ****
****   Information at www.genetics.ucla.edu/software/admixture  ****

Cross-validation will be performed.  Folds=5.
Random seed: 43
Point estimation method: Block relaxation algorithm
Convergence acceleration algorithm: QuasiNewton, 3 secant conditions
Point estimation will terminate when objective function delta < 0.0001
Estimation of standard errors disabled; will compute point estimates only.
Size of G: 125x16812
Performing five EM steps to prime main algorithm
1 (EM) 	Elapsed: 0.22	Loglikelihood: -1.91547e+06	(delta): 1.26734e+06
2 (EM) 	Elapsed: 0.236	Loglikelihood: -1.83302e+06	(delta): 82442.8
3 (EM) 	Elapsed: 0.226	Loglikelihood: -1.7967e+06	(delta): 36322.6
4 (EM) 	Elapsed: 0.221	Loglikelihood: -1.72655e+06	(delta): 70145.1
5 (EM) 	Elapsed: 0.251	Loglikelihood: -1.55092e+06	(delta): 175637
Initial loglikelihood: -1.55092e+06
Starting main algorithm
1 (QN/Block) 	Elapsed: 0.571	Loglikelihood: -618295	(delta): 932622
2 (QN/Block) 	Elapsed: 0.57	Loglikelihood: -516536	(delta): 101759
3 (QN/Block) 	Elapsed: 0.62	Loglikelihood: -462683	(delta): 53853.9
4 (QN/Block) 	Elapsed: 0.609	Loglikelihood: -416806	(delta): 45876.8
5 (QN/Block) 	Elapsed: 0.611	Loglikelihood: -397418	(delta): 19388.2
6 (QN/Block) 	Elapsed: 0.664	Loglikelihood: -394150	(delta): 3267.52
7 (QN/Block) 	Elapsed: 0.748	Loglikelihood: -393421	(delta): 728.697
8 (QN/Block) 	Elapsed: 0.686	Loglikelihood: -393175	(delta): 246.831
9 (QN/Block) 	Elapsed: 0.739	Loglikelihood: -393086	(delta): 89.0124
10 (QN/Block) 	Elapsed: 0.681	Loglikelihood: -393059	(delta): 26.1682
11 (QN/Block) 	Elapsed: 0.631	Loglikelihood: -393025	(delta): 34.9015
12 (QN/Block) 	Elapsed: 0.676	Loglikelihood: -392869	(delta): 155.149
13 (QN/Block) 	Elapsed: 0.675	Loglikelihood: -392715	(delta): 154.796
14 (QN/Block) 	Elapsed: 0.616	Loglikelihood: -392637	(delta): 77.1091
15 (QN/Block) 	Elapsed: 0.612	Loglikelihood: -392614	(delta): 23.0547
16 (QN/Block) 	Elapsed: 0.667	Loglikelihood: -392601	(delta): 13.0267
17 (QN/Block) 	Elapsed: 0.675	Loglikelihood: -392589	(delta): 11.9648
18 (QN/Block) 	Elapsed: 0.669	Loglikelihood: -392588	(delta): 1.24761
19 (QN/Block) 	Elapsed: 0.62	Loglikelihood: -392586	(delta): 1.86178
20 (QN/Block) 	Elapsed: 0.619	Loglikelihood: -392586	(delta): 0.312683
21 (QN/Block) 	Elapsed: 0.675	Loglikelihood: -392586	(delta): 0.0767756
22 (QN/Block) 	Elapsed: 0.673	Loglikelihood: -392585	(delta): 0.707647
23 (QN/Block) 	Elapsed: 0.68	Loglikelihood: -392583	(delta): 2.49628
24 (QN/Block) 	Elapsed: 0.677	Loglikelihood: -392581	(delta): 1.27423
25 (QN/Block) 	Elapsed: 0.672	Loglikelihood: -392581	(delta): 0.0436204
26 (QN/Block) 	Elapsed: 0.612	Loglikelihood: -392581	(delta): 0.00313626
27 (QN/Block) 	Elapsed: 0.613	Loglikelihood: -392581	(delta): 0.0001458
28 (QN/Block) 	Elapsed: 0.613	Loglikelihood: -392581	(delta): 1.08067e-05
Summary: 
Converged in 28 iterations (20.025 sec)
Loglikelihood: -392581.383040
Fst divergences between estimated populations: 
	Pop0	Pop1	Pop2	Pop3	
Pop0	
Pop1	0.589	
Pop2	0.846	0.910	
Pop3	0.582	0.327	0.908	
Pop4	0.318	0.542	0.856	0.529	
CV error (K=5): 0.18917
Writing output files.
